// global variables
805a0148: g_ecMgr
8059FFAC: g_gfGameApplication
805A01D0: g_sndSystem

// System
8000c8ac:__nw__FUl
8000c8b8:__nw__FUl8HeapType
8000c8c8:__dl__FPv
8000c8dc:__dla__FPv
801d8600:OSReport

// NW4R
8018d2a4:GetResMdlNumEntries__Q24nw4r3g3dFPPQ34nw4r3g3d7ResFile

// ecMgr
8005f774:setDrawPrio__5ecMgrFi
8005f7a4:setEffect__5ecMgrFUi
8005fc5c:setParent__5ecMgrFUiP6ScnMdlPci
8005fc5c:setParent__5ecMgrFUiPP6ScnMdlPci

// gfTask
8002d8b8:__ct__6gfTaskFPciiii
8002ddc8:processDefault__6gfTaskFv
8002ddd8:processBegin__6gfTaskFv
8002dde8:processAnim__6gfTaskFv
8002ddf8:processUpdate__6gfTaskFv
8002de08:processPreMapCorrection__6gfTaskFv
8002de18:processMapCorrection__6gfTaskFv
8002de28:processFixPosition__6gfTaskFv
8002de38:processPreCollision__6gfTaskFv
8002de48:processCollision__6gfTaskFv
8002de58:processCatch__6gfTaskFv
8002de68:processHit__6gfTaskFv
8002de78:processCamera__6gfTaskFv
8002de88:processFixCamera__6gfTaskFv
8002de98:processEffect__6gfTaskFv
8002dea8:processGameProc__6gfTaskFv
8002deb8:processEnd__6gfTaskFv
8002dec8:renderPre__6gfTaskFv
8002decc:renderOpa__6gfTaskFv
8002ded0:renderXlu__6gfTaskFv
8002ded4:processDebug__6gfTaskFv
8002ded8:renderDebug__6gfTaskFv
8002ddc4:init__6gfTaskFv
8002da1c:__dt__6gfTaskFv

// gfArchive
80015ddc:getData__9gfArchiveF11ARCNodeTypeiUi

//NMWException
803f0bdc:__construct_array
803f0cd4:__destroy_arr

//gfFileIO
80020b38:__dt__14gfFileIOHandleFv
80020b98:setNotify__14gfFileIOHandleFv
80020bec:createDirRequest__14gfFileIOHandleFv
80020c88:checkFileRequest__14gfFileIOHandleFv
80020d20:findfirstRequest__14gfFileIOHandleFv
80020dc8:findFileCountRequest__14gfFileIOHandleFv
80020e54:checkDirRequest__14gfFileIOHandleFv
80020ef0:createVFSystemFile__14gfFileIOHandleFv
80020f90:mountVF__14gfFileIOHandleFv
80021038:unmountVF__14gfFileIOHandleFv
800210d4:formatVF__14gfFileIOHandleFv
80021170:mountSD__14gfFileIOHandleFv
80021210:unmountSD__14gfFileIOHandleFv
800212b0:checkFreeSize__14gfFileIOHandleFv
8002134c:del__14gfFileIOHandleFv
800213e8:writeNAND__14gfFileIOHandleFv
80021498:readRequest__14gfFileIOHandleF14gfFileIOHandlePc8HeapTypeii
80021540:readRequest1__14gfFileIOHandleFv
800215e0:readRequest2__14gfFileIOHandleFv
80021680:readRequestCached__14gfFileIOHandleFv
80021738:readRequestCached1__14gfFileIOHandleFv
800217e8:readRequestCached2__14gfFileIOHandleFv
80021898:readRequestNoSync__14gfFileIOHandleFv
80021940:readRequestNoSync1__14gfFileIOHandleFv
800219e0:read__14gfFileIOHandleFv
80021b0c:read1__14gfFileIOHandleFv
80021c30:read2__14gfFileIOHandleFv
80021d54:writeRequest__14gfFileIOHandleFv
80021de4:cancelRequest__14gfFileIOHandleFv
80021ef8:isCancelRequested__14gfFileIOHandleFv
80021f1c:isCanceled__14gfFileIOHandleFv
80021f38:isReady__14gfFileIOHandleFv
80021f68:getReturnStatus__14gfFileIOHandleFv
80021f88:getSize__14gfFileIOHandleFv
80021f94:getBuffer__14gfFileIOHandleFv
80021fa0:getPool__14gfFileIOHandleFv
80021fac:release__14gfFileIOHandleFv

// allMineUnsorted
80021498:readRequest__14gfFileIOHandleFPc8HeapTypeii
803f89fc:sprintf__FPcPCce
803fa280:strcpy__FPcPc
803fa340:strncpy__FPcPc
803fa384:strcat__FPcPc
803fa3b0:strncat__FPcPc
803fa3fc:strcmp__FPcPc
803fa518:strncmp__FPcPc
803fa558:strchr__FPcPc
803fa588:strrchr__FPcPc
803fa5d0:strcspn__FPcPc
803fa674:strtok__FPcPc
803fa798:strstr__FPcPc
800afb80:loadMenuSound__6muMenuFv
800afb88:isLoadFinishMenuSound__6muMenuFv
8018ea08:Init__Q34nw4r3g3d7ResFileFPv
800af85c:exchangeSelchkind2SelCharVoice__6muMenuFi
801b4af4:Construct__6ScnMdlFPviiPv
801b4d94:Pushback__6ScnMdlFPvPvPc
80024430:getMEMAllocator__13gfHeapManagerF8HeapType

80024d6c:update__17gfKeepFrameBufferFv
80024dc0:render__17gfKeepFrameBufferFv
8002b61c:startKeepScreen__17gfKeepFrameBufferFv
80024e38:endKeepScreen__17gfKeepFrameBufferFv

800b534c:changeAnimN__8MuObjectFPc
800b45a8:changeNodeAnimN__8MuObjectFPc
800b46f0:changeNodeAnimNIf__8MuObjectFPc
800b4844:changeVisAnimN__8MuObjectFPc
800b4988:changeVisAnimNIf__8MuObjectFPc
800b4ad8:changeTexPatAnim__8MuObjectFPc
800b4c14:changeTexPatAnimN__8MuObjectFPc
800b4d3c:changeTexPatAnimNIf__8MuObjectFPc
800b4e70:changeTexSrtAnimN__8MuObjectFPc
800b4f98:changeTexSrtAnimNIf__8MuObjectFPc
800b50cc:changeClrAnimN__8MuObjectFPc
800b51f4:changeClrAnimNIf__8MuObjectFPc
800b784c:setFrameVisible__8MuObjectFf

80027c40:__ct__16gfModelAnimationFd
80027fa4:__ct1__16gfModelAnimationFd
80028278:setLoop__16gfModelAnimationFd
800282f4:setLoopNode__16gfModelAnimationFd
8002831c:setLoopVisible__16gfModelAnimationFd
80028344:setLoopTex__16gfModelAnimationFd
8002836c:setLoopTexSrt__16gfModelAnimationFd
80028394:setLoopMatCol__16gfModelAnimationFd
800283bc:getFrameCount__16gfModelAnimationFd
80028498:setFrame__16gfModelAnimationFd
8002858c:getFrame__16gfModelAnimationFd
80028650:setUpdateRate__16gfModelAnimationFd
80028744:getUpdateRate__16gfModelAnimationFd

800af088:init__6muMenuFiii
800af08c:start__6muMenuFiii
800af0f0:process__6muMenuFiii
800af140:exit__6muMenuFiii
800af148:exchangeMuCharKindToGmCharacterKind__6muMenuFiii
800af160:exchangeGmCharacterKindToMuCharKind__6muMenuFiii
800af258:exchangeMuCharKindToMuSelchkind__6muMenuFiii
800af31c:exchangeMuSelchkindToMuCharKind__6muMenuFiii
800af334:exchangeMuCharKindToMuStockchkind__6muMenuFiii
800af350:isCharUsable__6muMenuFiii
800af3ec:isCharRefered__6muMenuFiii
800af490:setCharRefered__6muMenuFiii
800af520:findCharTeamColorNo__6muMenuFiii
800af58c:exchangeMuStageKindToGmHideStageKind__6muMenuFiii
800af5a4:getInfoMsgID__6muMenuFiii
800af5b4:exchangeGmCharacterKind2MuStockchkind__6muMenuFiii
800acdec:getStockFrameID__6muMenuFiii
800af614:exchangeMuStageKindToSrStageKind__6muMenuFiii
800af628:exchangeSrStageKindToMuStageKind__6muMenuFiii
800af6a0:getStageFrameNo__6muMenuFiii
800af6d8:exchangeMuStageKindToMsgID__6muMenuFiii
800acf28:exchangeMuStockchkind2GmNativeGame__6muMenuFiii
800af708:exchangeGmCharacterKind2MuSelchkind__6muMenuFiii
800af80c:exchangeMuSelchkind2GmCharacterKind__6muMenuFiii
800af844:exchangeMuSelchkind2MuStockchkind__6muMenuFiii
800af85c:exchangeSelchkind2SelCharVoice__6muMenuFiii
800ae4a0:exchangeStockchkind2SelCharNarrationSndID__6muMenuFiii
800af874:exchangeSelchkind2SelCharNarrationSndID__6muMenuFiii
800ad6fc:exchangeStockchkind2SelCharNarrationFrameEN__6muMenuFiii
800af8d0:getNumCharColor__6muMenuFiii
800aefc4:getNumStockCharColor__6muMenuFiii
800af91c:getCharColor__6muMenuFiii
800af93c:getFighterColorFileNo__6muMenuFiii
800af960:getCharColorNo__6muMenuFiii
800af9c4:isCharLargeSize__6muMenuFiii
800af9ec:getCpLevelMessageId__6muMenuFiii
800afab0:getItemNameID__6muMenuFiii
800afac8:exchangeMuItemKindToItKind__6muMenuFiii
800b82ac:getChkindCharaName__6muMenuFiii
800b30cc:getChkindCharaNameInEn__6muMenuFiii
800afafc:startRumbleController__6muMenuFiii
800afb80:loadMenuSound__6muMenuFiii
800afb88:isLoadFinishMenuSound__6muMenuFiii
800afb90:freeMenuSound__6muMenuFiii

8002cc14:__ct__14gfSceneManagerFv
8002cfd0:create__14gfSceneManagerFv
8002d018:getInstance__14gfSceneManagerFv
8002d020:changeNextScene__14gfSceneManagerFv
8002d160:registScene__14gfSceneManagerFv
8002d180:registSequence__14gfSceneManagerFv
8002d1a0:process__14gfSceneManagerFv
8002d32c:postProcess__14gfSceneManagerFv
8002d3f4:searchScene__14gfSceneManagerFv
8002d474:searchSequence__14gfSceneManagerFv
8002d4f4:startSequence__14gfSceneManagerFv
8002d5ac:setNextScene__14gfSceneManagerFv
8002d640:setNextSequence__14gfSceneManagerFv
8002d6d4:setLoadModuleName__14gfSceneManagerFv
8002d73c:loadModule__14gfSceneManagerFv

800742b0:playSE__9sndSystemFiiiii

800b2394:create__8MuObjectFPPQ34nw4r3g3d7ResFilePcci8HeapType
800b2404:create__8MuObjectFPPQ34nw4r3g3d7ResFileici8HeapType

// runtime 
803f12ec:_savegpr_14
803f12f0:_savegpr_15
803f12f4:_savegpr_16
803f12f8:_savegpr_17
803f12fc:_savegpr_18
803f1300:_savegpr_19
803f1304:_savegpr_20
803f1308:_savegpr_21
803f130c:_savegpr_22
803f1310:_savegpr_23
803f1314:_savegpr_24
803f1318:_savegpr_25
803f131c:_savegpr_26
803f1320:_savegpr_27
803f1324:_savegpr_28
803f1328:_savegpr_29
803f1338:_restgpr_14
803f133c:_restgpr_15
803f1340:_restgpr_16
803f1344:_restgpr_17
803f1348:_restgpr_18
803f134c:_restgpr_19
803f1350:_restgpr_20
803f1354:_restgpr_21
803f1358:_restgpr_22
803f135c:_restgpr_23
803f1360:_restgpr_24
803f1364:_restgpr_25
803f1368:_restgpr_26
803f136c:_restgpr_27
803f1370:_restgpr_28
803f1374:_restgpr_29

// Stage
27,1,002225A8:createObj__5StageFv
27,1,0022269C:createObjPokeTrainer__5StageFiiiii
27,1,002227b0:addGround__5StageFP6Ground
27,1,00222904:registSceneAnim__5StageFPvi
27,1,00222ab0:createCollision__5StageFP9gfArchiveii
27,1,00224574:createStagePositions__5StageFv
27,1,00224524:createStagePositions__5StageFPv
27,1,002237D0:loadStageAttrParam__5StageFP9gfArchivei
27,1,002257B4:getPokeTrainerPointNum__5StageFv
27,1,002257B0:getPokeTrainerPointData__5StageFPii
27,1,002257A4:getPokeTrainerPositionZ__5StageFv
27,1,0022579C:getPokeTrainerDrawLayer__5StageFv
27,1,00225794:isAdventureStage__5StageFv
27,1,002225ac:initPosPokeTrainer__5StageFii
27,1,00224AF4:getItemPac__5StageFP9gfArchiveP9gfArchiveii
27,1,00224AF8:getItemGenPac__5StageFv
27,1,00224AFC:getItemPacEnemyFigure__5StageFv
27,1,00224B00:getEnemyPac__5StageFv
27,1,00224B04:getAdvRadarData__5StageFv
27,1,00221B68:initializeStage__5StageFv
27,1,00221F80:closeStage__5StageFv
27,1,00222AAC:renderDebugPositions__5StageFv
27,1,00222588:loading__5StageFv
27,1,002227AC:process__5StageFv
27,1,002245B8:updateStagePositions__5StageFv
27,1,002246AC:debugCollision__5StageFv
27,1,001ED054:getAIRange__5StageFv
27,1,0008C01C:getDefaultLightSetIndex__5StageFv
27,1,002227E0:getZoneLightSetIndex__5StageFv
27,1,00225778:getScrollDir__5StageFi
27,1,00222B54:clearCameraParam__5StageFv
27,1,00222B98:initCameraParam__5StageFv
27,1,00222590:startLoadLocalData__5StageFv
27,1,00222594:isLoadLocalData__5StageFv
27,1,0022259C:entryLocalData__5StageFv
27,1,002225A4:removeLocalData__5StageFv
27,1,00225774:appearanceFighterLocal__5StageFv
27,1,0022341C:getFighterStartPos__5StageFii
27,1,00223458:getFighterReStartPos__5StageFii
27,1,00223494:isReStartSamePoint__5StageFv
27,1,0022349C:getPokeTrainerStartPos__5StageFii
27,1,002234D8:getItemPosCount__5StageFv
27,1,002234F4:getItemPos__5StageFiii
27,1,0022353C:getRandItemPos__5StageFi
27,1,00223564:getKirifudaPos__5StageFii
27,1,002235D4:getKirifudaAngle__5StageFi
27,1,00223620:getKirifudaScale__5StageFii
27,1,0022368C:getKirifudaModelType__5StageFi
27,1,002236CC:getPokeTrainerPosCount__5StageFv
27,1,002236D4:getPokeTrainerPos__5StageFiii
27,1,002237A0:getFighterDeadEffectSizeRate__5StageFv
27,1,002237A8:getEnemyDeadEffectSizeRate__5StageFv
27,1,002237B0:getEnableZ__5StageFv
27,1,00225764:getBgmID__5StageFv
27,1,0022576C:getBgmIDOverload__5StageFv
27,1,0022575C:getNowStepBgmID__5StageFv
27,1,00225754:getBgmOptionID__5StageFv
27,1,0022574C:isBgmChange__5StageFv
27,1,00225738:getBgmChangeID__5StageFii
27,1,00225728:setBgmChange__5StageFfii
27,1,0022571C:getBgmVolume__5StageFv
27,1,00225710:getBgmPlayOffsetFrame__5StageFv
27,1,00225708:isNextStepBgmEqualNowStepBgmFromFlag__5StageFv
27,1,00225700:setFrameRuleTime__5StageFf
27,1,001E9658:getFrameRuleTime__5StageFv
27,1,002256FC:notifyTimmingGameStart__5StageFv
27,1,0022487C:isEnd__5StageFv
27,1,00224884:isEventEnd__5StageFv
27,1,00224798:enableDevil__5StageFv
27,1,002247B8:disableDevil__5StageFv
27,1,002247D8:isDevil__5StageFv
27,1,002247E0:setDevilScrool__5StageFff
27,1,0022485C:getLucarioFinalTechniquePosition__5StageFi
27,1,00224B40:startAppear__5StageFv
27,1,00224B5C:setAppearKind__5StageFv
27,1,00224B58:endAppear__5StageFv
27,1,00224DAC:getAppearTask__5StageFv
27,1,00224DB4:forceStopAppear__5StageFv
27,1,0022488C:getFinalTechniqColor__5StageFv
27,1,00224898:setMotionRatio__5StageFff
27,1,002248F0:saveMotionRatio__5StageFi
27,1,00224914:restoreMotionRatio__5StageFi
27,1,00224938:setMotionSubRatio__5StageFff
27,1,00224990:saveMotionSubRatio__5StageFi
27,1,002249B4:restoreMotionSubRatio__5StageFi
27,1,000B319C:isCameraLocked__5StageFv
27,1,002256F4:isBossBattleMode__5StageFv
27,1,002256EC:isSimpleBossBattleMode__5StageFv
27,1,00224B48:isAppear__5StageFv
27,1,00224B50:isStartAppearTimming__5StageFv
27,1,00224B60:getMadeinAiData__5StageFv
27,1,00224B68:isBamperVector__5StageFv
27,1,00224B70:getBamperVector__5StageFi
27,1,002249D8:notifyEventInfoReady__5StageFv
27,1,002249DC:notifyEventInfoGo__5StageFv
27,1,00224B08:getDestroyBossParamCommon__5StageFv
27,1,00224B3C:stAdventureEventGetItem__5StageFv
27,1,00224D88:setStageOutEffectInit__5StageFv
27,1,00224D98:setStageInEffectInit__5StageFv
27,1,002256E4:helperStarWarp__5StageFv
27,1,002256DC:initializeFighterAttackRatio__5StageFv
27,1,002256D8:startFighterEvent__5StageFv
27,1,00224D5C:getZoneState__5StageFv
27,1,00224D64:getZonePos__5StageFv
27,1,00224D68:getMagmaHeight__5StageFv
27,1,00224D74:getAcidHeight__5StageFv
27,1,00224D80:getIteamDropStatus__5StageFv
27,1,002256D0:createWind2ndOnly__5StageFv
27,1,002256C8:getWind2ndOnlyData__5StageFv
27,1,002256C4:updateWind2ndOnly__5StageFv
27,1,00224DA8:setVision__5StageFv
27,1,00222190:processBegin__5StageFv
27,1,00222288:processAnim__5StageFv
27,1,002224cc:processUpdate__5StageFv
27,1,002224d0:processMapCorrection__5StageFv
27,1,002224d4:processFixCamera__5StageFv
27,1,00222520:processEnd__5StageFv
27,1,00222574:renderPre__5StageFv
27,1,00222aa8:renderDebug__5StageFv
27,1,00221d48:__dt__5StageFv
27,1,00223140:testStageParamInit__5StageFP9gfArchivei
27,1,00223398:testStageDataInit__5StageFP9gfArchiveii
27,1,0022269c:createObjPokeTrainer__5StageFP9gfArchiveiPCcii

// stCommonGimmick
27,1,002380b0:releaseArchive__15stCommonGimmickFv

// stClassInfo
27,1,002257bc:__ct__11stClassInfoFv
27,1,002258fc:setClassInfo__11stClassInfoFiP11stClassInfo
27,1,002258a8:__dt__11stClassInfoFv

// stMelee
27,1,00238bdc:__ct__7stMeleeFPci
27,1,002395bc:processBegin__7stMeleeFv
27,1,00239660:update__7stMeleeFv
27,1,002394cc:setCameraLimitRange__7stMeleeFffff
27,1,00239534:resetCameraLimitRange__7stMeleeFv
27,1,00239ae4:checkChangeScene__7stMeleeFv
27,1,00239aec:resetChangeScene__7stMeleeFv
27,1,00239af0:setChangeSceneNumber__7stMeleeFv
27,1,00238dec:__dt__7stMeleeFv

// Ground
27,1,00261b50:setDontMoveGround__6GroundFv
27,1,0025f524:bindData__9grGimmickFP9gfArchive
27,1,0025f64c:loadGroundData__6GroundFUiUiUi
27,1,0025fbcc:setupMelee__6GroundFv
27,1,0025fbe8:processAnim__6GroundFv
27,1,00260834:processGameProc__6GroundFv
27,1,00261d70:renderPre__6GroundFv
27,1,00260920:renderDebug__9grGimmickFv
27,1,00260534:setVisibilityByClipping__6GroundFUi
27,1,002606a0:setVisibilityAttachedEffect__6GroundFUi
27,1,00260838:receiveCollMsg__6GroundFUiUiUi
27,1,00260910:receiveCollMsg_Landing__6GroundFiPii
27,1,00260914:receiveCollMsg_Heading__6GroundFiPii
27,1,00260918:receiveCollMsg_Wall__6GroundFiPii
27,1,0026091c:receiveCollMsg_Attack__6GroundFiPii
27,1,00228dd8:getModelCount__6GroundFv
27,1,0025fa34:unloadData__6GroundFv
27,1,00230728:setMdlIndex__6GroundFi
27,1,00260bdc:getNodeIndex__6GroundFUiPc
27,1,00260c84:getNodePosition__6GroundFP5Vec3fUiUi
27,1,00260d78:getNodePosition__6GroundFP5Vec3fUiPc
27,1,00260e88:getNodeMatrix__6GroundFUiUiUi
27,1,00260f48:getNodeMatrix__6GroundFUiUiPc
27,1,0026102c:setNodeVisibility__6GroundFbUiUibb
27,1,002611dc:setNodeVisibility__6GroundFbUiPcbb
27,1,002612ac:setNodeVisibilityAll__6GroundFbUi
27,1,002613ac:isNodeVisible__6GroundFUiUi
27,1,00261434:setNodeCollision__6GroundFbUiUib
27,1,002615ec:setNodeCollision__6GroundFbUiPcb
27,1,00261718:getNodeScale__6GroundFP5Vec3fUiUi
27,1,002617d8:getNodeScale__6GroundFP5Vec3fUiPc
27,1,00231b80:setInitializeInfo__6GroundFi
27,1,00231b78:getInitializeInfo__6GroundFi
27,1,0025fd1c:setMotionFrame__6GroundFfUi
27,1,0025fd38:getMotionFrame__6GroundFUi
27,1,0025fd60:setMotionLoop__6GroundFbUi
27,1,0025fd7c:setMatAlphaMul__6GroundFUiUi
27,1,0025feec:setMatAlpha__6GroundFUiUi
27,1,0025ffe0:updateG3dProcCalcWorld__6GroundFv
27,1,00231b70:adventureEventGetItem__6GroundFiPi

// grGimmick
27,1,0026daf4:setVisibility__9grGimmickFUi
27,1,0026b25c:setNode__9grGimmickFv
27,1,0026b1c0:setTgtNode__9grGimmickFPc
27,1,0026c2f8:setMotionRatio__9grGimmickFf
27,1,0026d940:invalidatedByCameraClipping__9grGimmickFv
27,1,0026d938:setTransparencyFlag__9grGimmickFc
27,1,0026b0f8:updateCallback__9grGimmickFUi
27,1,0026b17c:fixedPosition__9grGimmickFf
27,1,0026b254:getTgtNode__9grGimmickFv
27,1,00231bcc:getGimmickData__9grGimmickFUi
27,1,0026bcc0:changeNodeAnim__9grGimmickFUiUi
27,1,0026a5e8:createFadeVisibleProduction__9grGimmickFf
27,1,0026a664:createSoundEffectVisibleProductionForExcel__9grGimmickFUiUiUi
27,1,0026a6b8:createEffectVisibleProductionForExcel__9grGimmickFUiUiUi
27,1,0026a708:setSimpleEffectVisibleProduction__9grGimmickFv
27,1,0026daf0:dbDispInvalidatedByCameraClippingSphere__9grGimmickFv




// grYakumono
27,1,00264c80:__ct__10grYakumonoFPc
27,1,00264cc4:__dt__10grYakumonoFv
27,1,00264d1c:processUpdate__10grYakumonoFv
27,1,00264f58:startup__10grYakumonoFP9gfArchiveUiUi
27,1,00264f5c:setValid__10grYakumonoFUi
27,1,0026501c:setValidAttachedEffect__10grYakumonoFUi
27,1,00267ab8:preExit__10grYakumonoFv
27,1,00267a10:setTransparency__10grYakumonoFUiUi
27,1,00264dd4:onDamage__10grYakumonoFUiPUiPUi
27,1,00264DE4:onInflict__10grYakumonoFPiUi
27,1,00264DE8:onInflictEach__10grYakumonoFPif
27,1,00264DEC:onGimmickEvent__10grYakumonoFPiPi
27,1,002650DC:enableYakumono__10grYakumonoFUi
27,1,00265160:disableYakumono__10grYakumonoFUiUi
27,1,002651D4:enableHit__10grYakumonoFUiUi
27,1,00265214:disableHit__10grYakumonoFUiUi
27,1,00265254:disableAttack__10grYakumonoFUi
27,1,002652BC:enableArea__10grYakumonoFv
27,1,00265300:disableArea__10grYakumonoFv
27,1,00265344:setSleepArea__10grYakumonoFv
27,1,00265390:setTeamYakumonoOwnerId__10grYakumonoFUi
27,1,002653C8:setTeamYakumono__10grYakumonoFUiUi
27,1,00265424:getTeamYakumono__10grYakumonoFUi
27,1,0026546C:setOffsetAttack__10grYakumonoFUiUi
27,1,00265480:setAreaGimmick__10grYakumonoFUiUiUiUi
27,1,00267548:setAttackGimmick__10grYakumonoFUiUiUiUiUi
27,1,002675E0:setSoCollisionAttackData__10grYakumonoFUiUiUi
27,1,002677AC:setAttackGimmickDetails__10grYakumonoFffffUiUiUiUiUiUiUiiUiUiUiUiUiiUiUiUiUiUiUiUiUiiUiUiUiUiUiUiUiUiUiUii
27,1,00267924:isEnableAttackPersonAttacked__10grYakumonoFUiUiUi
27,1,002679E8:isEnableAttackAttribute__10grYakumonoFUiUi
